HTTP/1.0 200 OK
Server: Ronsoft Dummy Server
Content-Length: 893
Content-Type: text/plain

String file = "python.txt";
		ByteBuffer header = ByteBuffer.wrap(bytes(HTTP_HDR));
		ByteBuffer dynhdrs = ByteBuffer.allocate(128);
		ByteBuffer[] gather = { header, dynhdrs, null };
		String contentType = "unknown/unknown";
		long contentLength = -1;
		try {
			FileInputStream fis = new FileInputStream(file);
			FileChannel fc = fis.getChannel();
			MappedByteBuffer filedata = fc.map(MapMode.READ_ONLY, 0, fc.size());
			gather[2] = filedata;
			contentLength = fc.size();
			contentType = URLConnection.guessContentTypeFromName(file);
			System.out.println(contentType);
		} catch (IOException e) {
			ByteBuffer buf = ByteBuffer.allocate(128);
			String msg = MSG_404 + e + LINE_SEP;
			buf.put(bytes(msg));
			buf.flip();
			gather[0] = ByteBuffer.wrap(bytes(HTTP_404_HDR));
			gather[2] = buf;
			contentLength = msg.length();
			contentType = "text/plain";
		}